<?xml version="1.0" encoding="UTF-8" ?>
<testsuite failures="0" time="0.129" errors="0" skipped="0" tests="18" name="com.raeffray.reflection.ReflectionDataTest">
  <properties>
    <property name="java.runtime.name" value="Java(TM) SE Runtime Environment"/>
    <property name="sun.boot.library.path" value="/Library/Java/JavaVirtualMachines/jdk1.7.0_67.jdk/Contents/Home/jre/lib"/>
    <property name="java.vm.version" value="24.65-b04"/>
    <property name="user.country.format" value="CA"/>
    <property name="gopherProxySet" value="false"/>
    <property name="java.vm.vendor" value="Oracle Corporation"/>
    <property name="java.vendor.url" value="http://java.oracle.com/"/>
    <property name="path.separator" value=":"/>
    <property name="guice.disable.misplaced.annotation.check" value="true"/>
    <property name="java.vm.name" value="Java HotSpot(TM) 64-Bit Server VM"/>
    <property name="file.encoding.pkg" value="sun.io"/>
    <property name="user.country" value="US"/>
    <property name="sun.java.launcher" value="SUN_STANDARD"/>
    <property name="sun.os.patch.level" value="unknown"/>
    <property name="java.vm.specification.name" value="Java Virtual Machine Specification"/>
    <property name="user.dir" value="/Users/i842771/node/vantransitDigest"/>
    <property name="java.runtime.version" value="1.7.0_67-b01"/>
    <property name="java.awt.graphicsenv" value="sun.awt.CGraphicsEnvironment"/>
    <property name="java.endorsed.dirs" value="/Library/Java/JavaVirtualMachines/jdk1.7.0_67.jdk/Contents/Home/jre/lib/endorsed"/>
    <property name="os.arch" value="x86_64"/>
    <property name="java.io.tmpdir" value="/var/folders/xg/blzs3nwn60g5z326kt9t1p6snxfgz4/T/"/>
    <property name="line.separator" value="
"/>
    <property name="java.vm.specification.vendor" value="Oracle Corporation"/>
    <property name="os.name" value="Mac OS X"/>
    <property name="classworlds.conf" value="/usr/local/Cellar/maven/3.2.3/libexec/bin/m2.conf"/>
    <property name="sun.jnu.encoding" value="UTF-8"/>
    <property name="java.library.path" value="/Users/i842771/ImageMagick-6.8.9/lib/:/Users/i842771/Library/Java/Extensions:/Library/Java/Extensions:/Network/Library/Java/Extensions:/System/Library/Java/Extensions:/usr/lib/java:."/>
    <property name="java.specification.name" value="Java Platform API Specification"/>
    <property name="java.class.version" value="51.0"/>
    <property name="sun.management.compiler" value="HotSpot 64-Bit Tiered Compilers"/>
    <property name="os.version" value="10.10.5"/>
    <property name="http.nonProxyHosts" value="local|*.local|169.254/16|*.169.254/16|sap.corp|*.sap.corp|corp.sap|*.corp.sap"/>
    <property name="user.home" value="/Users/i842771"/>
    <property name="user.timezone" value="US/Pacific"/>
    <property name="java.awt.printerjob" value="sun.lwawt.macosx.CPrinterJob"/>
    <property name="java.specification.version" value="1.7"/>
    <property name="file.encoding" value="UTF-8"/>
    <property name="user.name" value="i842771"/>
    <property name="java.class.path" value="/usr/local/Cellar/maven/3.2.3/libexec/boot/plexus-classworlds-2.5.1.jar"/>
    <property name="java.vm.specification.version" value="1.7"/>
    <property name="sun.arch.data.model" value="64"/>
    <property name="java.home" value="/Library/Java/JavaVirtualMachines/jdk1.7.0_67.jdk/Contents/Home/jre"/>
    <property name="sun.java.command" value="org.codehaus.plexus.classworlds.launcher.Launcher install"/>
    <property name="java.specification.vendor" value="Oracle Corporation"/>
    <property name="user.language" value="en"/>
    <property name="awt.toolkit" value="sun.lwawt.macosx.LWCToolkit"/>
    <property name="java.vm.info" value="mixed mode"/>
    <property name="java.version" value="1.7.0_67"/>
    <property name="java.ext.dirs" value="/Users/i842771/Library/Java/Extensions:/Library/Java/JavaVirtualMachines/jdk1.7.0_67.jdk/Contents/Home/jre/lib/ext:/Library/Java/Extensions:/Network/Library/Java/Extensions:/System/Library/Java/Extensions:/usr/lib/java"/>
    <property name="sun.boot.class.path" value="/Library/Java/JavaVirtualMachines/jdk1.7.0_67.jdk/Contents/Home/jre/lib/resources.jar:/Library/Java/JavaVirtualMachines/jdk1.7.0_67.jdk/Contents/Home/jre/lib/rt.jar:/Library/Java/JavaVirtualMachines/jdk1.7.0_67.jdk/Contents/Home/jre/lib/sunrsasign.jar:/Library/Java/JavaVirtualMachines/jdk1.7.0_67.jdk/Contents/Home/jre/lib/jsse.jar:/Library/Java/JavaVirtualMachines/jdk1.7.0_67.jdk/Contents/Home/jre/lib/jce.jar:/Library/Java/JavaVirtualMachines/jdk1.7.0_67.jdk/Contents/Home/jre/lib/charsets.jar:/Library/Java/JavaVirtualMachines/jdk1.7.0_67.jdk/Contents/Home/jre/lib/jfr.jar:/Library/Java/JavaVirtualMachines/jdk1.7.0_67.jdk/Contents/Home/jre/classes"/>
    <property name="java.vendor" value="Oracle Corporation"/>
    <property name="maven.home" value="/usr/local/Cellar/maven/3.2.3/libexec"/>
    <property name="file.separator" value="/"/>
    <property name="java.vendor.url.bug" value="http://bugreport.sun.com/bugreport/"/>
    <property name="sun.cpu.endian" value="little"/>
    <property name="sun.io.unicode.encoding" value="UnicodeBig"/>
    <property name="socksNonProxyHosts" value="local|*.local|169.254/16|*.169.254/16|sap.corp|*.sap.corp|corp.sap|*.corp.sap"/>
    <property name="ftp.nonProxyHosts" value="local|*.local|169.254/16|*.169.254/16|sap.corp|*.sap.corp|corp.sap|*.corp.sap"/>
    <property name="sun.cpu.isalist" value=""/>
  </properties>
  <testcase time="0.004" classname="com.raeffray.reflection.ReflectionDataTest" name="testExtractFieldsNamesCalendar"/>
  <testcase time="0.011" classname="com.raeffray.reflection.ReflectionDataTest" name="testBuildListCalendarDates"/>
  <testcase time="0.007" classname="com.raeffray.reflection.ReflectionDataTest" name="testBuildListStops"/>
  <testcase time="0.007" classname="com.raeffray.reflection.ReflectionDataTest" name="testBuildListTrips"/>
  <testcase time="0.009" classname="com.raeffray.reflection.ReflectionDataTest" name="testBuildListStopTines"/>
  <testcase time="0.007" classname="com.raeffray.reflection.ReflectionDataTest" name="testExtractFieldsNamesCalendarDates"/>
  <testcase time="0.009" classname="com.raeffray.reflection.ReflectionDataTest" name="testBuildListCalendar"/>
  <testcase time="0.008" classname="com.raeffray.reflection.ReflectionDataTest" name="testBuildListCalendarTransfers"/>
  <testcase time="0.008" classname="com.raeffray.reflection.ReflectionDataTest" name="testExtractFieldsNamesStopTimes"/>
  <testcase time="0.006" classname="com.raeffray.reflection.ReflectionDataTest" name="testBuildListAgency"/>
  <testcase time="0.009" classname="com.raeffray.reflection.ReflectionDataTest" name="testExtractFieldsNamesAgency"/>
  <testcase time="0.008" classname="com.raeffray.reflection.ReflectionDataTest" name="testExtractFieldsNamesStops"/>
  <testcase time="0.006" classname="com.raeffray.reflection.ReflectionDataTest" name="testExtractFieldsNamesTrips"/>
  <testcase time="0.007" classname="com.raeffray.reflection.ReflectionDataTest" name="testBuildListRoutes"/>
  <testcase time="0.008" classname="com.raeffray.reflection.ReflectionDataTest" name="testBuildListShapes"/>
  <testcase time="0.006" classname="com.raeffray.reflection.ReflectionDataTest" name="testExtractFieldsNamesCalendarTransfers"/>
  <testcase time="0.004" classname="com.raeffray.reflection.ReflectionDataTest" name="testExtractFieldsNamesRoutes"/>
  <testcase time="0.005" classname="com.raeffray.reflection.ReflectionDataTest" name="testExtractFieldsNamesShapes"/>
</testsuite>